[ 2020-06-20T00:51:22+08:00 ] ::1 /write-it-now-win-/Home/StoryShow/createSection/s_id/1
ERR: 非法数据对象！:[title=>工作]

[ 2020-06-20T12:00:48+08:00 ] ::1 /write-it-now-win-/Home/StoryShow/__CONTROLLER__/authorStoryShow/s_id/
ERR: 非法操作:__CONTROLLER__

[ 2020-06-20T12:11:00+08:00 ] ::1 /write-it-now-win-/Home/StoryShow/Home/StoryShow/authorStoryShow/s_id/
ERR: 非法操作:Home

[ 2020-06-20T12:13:17+08:00 ] ::1 /write-it-now-win-/Home/StoryShow/__CONTROLLER__/authorStoryShow/s_id/
ERR: 非法操作:__CONTROLLER__

[ 2020-06-20T12:15:34+08:00 ] ::1 /write-it-now-win-/StoryShow/authorStoryShow/s_id.html
ERR: 非法操作:authorStoryShow

[ 2020-06-20T12:15:51+08:00 ] ::1 /write-it-now-win-/StoryShow/authorStoryShow/s_id.html
ERR: 非法操作:authorStoryShow

[ 2020-06-20T12:15:54+08:00 ] ::1 /write-it-now-win-/StoryShow/authorStoryShow/s_id.html
ERR: 非法操作:authorStoryShow

[ 2020-06-20T16:38:37+08:00 ] ::1 /write-it-now-win-/Home/Index/shouye.html
ERR: 非法操作:shouye

[ 2020-06-20T17:50:03+08:00 ] ::1 /write-it-now-win-/Home/User/alterUserPicture
ERR: Think\Model:setFiled方法不存在！

[ 2020-06-20T17:55:37+08:00 ] ::1 /write-it-now-win-/User/__PUBLIC__/image/user/touxiang.jpg1000
ERR: 非法操作:__PUBLIC__

[ 2020-06-20T17:55:52+08:00 ] ::1 /write-it-now-win-/User/__PUBLIC__/image/user/touxiang.jpg1000
ERR: 非法操作:__PUBLIC__

[ 2020-06-20T17:59:31+08:00 ] ::1 /write-it-now-win-/User/__PUBLIC__/image/user/touxiang.jpg1000
ERR: 非法操作:__PUBLIC__

