[ 2020-06-18T11:50:44+08:00 ] ::1 /win/write-it-now-win-/Application/Home/View/__PUBLIC__/css/home.css
ERR: 无法加载控制器:Application

[ 2020-06-18T11:50:44+08:00 ] ::1 /win/write-it-now-win-/Application/Home/View/__PUBLIC__/js/jquery.min.js
ERR: 无法加载控制器:Application

[ 2020-06-18T12:01:24+08:00 ] ::1 /win/write-it-now-win-/Application/Home/View/__PUBLIC__/css/home.css
ERR: 无法加载控制器:Application

[ 2020-06-18T12:01:24+08:00 ] ::1 /win/write-it-now-win-/Application/Home/View/__PUBLIC__/js/jquery.min.js
ERR: 无法加载控制器:Application

[ 2020-06-18T12:04:48+08:00 ] ::1 /win/write-it-now-win-/Application/Home/View/__PUBLIC__/js/jquery.min.js
ERR: 无法加载控制器:Application

[ 2020-06-18T12:04:48+08:00 ] ::1 /win/write-it-now-win-/Application/Home/View/__PUBLIC__/css/home.css
ERR: 无法加载控制器:Application

[ 2020-06-18T12:05:01+08:00 ] ::1 /win/write-it-now-win-/Home/
ERR: Think\Model:getList方法不存在！

[ 2020-06-18T12:06:24+08:00 ] ::1 /win/write-it-now-win-/Home/
ERR: Think\Model:getList方法不存在！

[ 2020-06-18T12:06:57+08:00 ] ::1 /win/write-it-now-win-/Home/
ERR: Think\Model:getList方法不存在！

[ 2020-06-18T12:07:01+08:00 ] ::1 /win/write-it-now-win-/Home/
ERR: Think\Model:getList方法不存在！

[ 2020-06-18T12:07:33+08:00 ] ::1 /win/write-it-now-win-/Public/css/home.css
ERR: 无法加载控制器:Public

[ 2020-06-18T12:07:35+08:00 ] ::1 /win/write-it-now-win-/Public/css/home.css
ERR: 无法加载控制器:Public

[ 2020-06-18T12:21:16+08:00 ] ::1 /win/write-it-now-win-/Public/css/home.css
ERR: 无法加载控制器:Public

