[ 2020-07-01T01:08:07+08:00 ] ::1 /write-it-now-win-/Home/User/showAuthor/author/10036
ERR: 非法操作:showAuthor

[ 2020-07-01T01:08:49+08:00 ] ::1 /write-it-now-win-/Home/User/showAuthor/author/10036
ERR: 非法操作:showAuthor

[ 2020-07-01T03:59:20+08:00 ] ::1 /write-it-now-win-/Public/%7Bv.picture%7D
ERR: 无法加载控制器:Public

[ 2020-07-01T13:38:38+08:00 ] ::1 /write-it-now-win-/Public/image/user/1001572f082025aafa40faf1dff7ea264034f79f019bd.jpg%20class=
ERR: 无法加载控制器:Public

[ 2020-07-01T13:38:38+08:00 ] ::1 /write-it-now-win-/Public/%20class=
ERR: 无法加载控制器:Public

[ 2020-07-01T13:48:06+08:00 ] ::1 /write-it-now-win-/Public/image/user/1001572f082025aafa40faf1dff7ea264034f79f019bd.jpg%20class=
ERR: 无法加载控制器:Public

[ 2020-07-01T15:02:15+08:00 ] ::1 /write-it-now-win-/Home/Tag/search/kw/%E6%96%97%E7%A0%B4%E8%8B%8D%E7%A9%B9
ERR: 非法操作:search

[ 2020-07-01T15:03:11+08:00 ] ::1 /write-it-now-win-/Home/Tag/search/kw/%E6%96%97%E7%A0%B4%E8%8B%8D%E7%A9%B9
ERR: 非法操作:search

[ 2020-07-01T16:44:56+08:00 ] ::1 /write-it-now-win-/Index/www.baidu.com
ERR: 非法操作:www.baidu.com

[ 2020-07-01T17:59:13+08:00 ] ::1 /write-it-now-win-/Home/User/test
ERR: 非法操作:test

[ 2020-07-01T23:54:40+08:00 ] ::1 /write-it-now-win-/Home/Comments/book_comment?story_id=16&author_id=10018&com1=&com_content=%E8%BF%98%E4%B8%8D%E9%94%99%E5%91%A2%EF%BC%8C%E6%94%AF%E6%8C%81%E4%BD%9C%E8%80%85%E5%A4%A7%E5%A4%A7%EF%BC%81%EF%BC%81%EF%BC%81%EF%BC%81%EF%BC%81
ERR: 非法操作:book_comment

