[ 2020-06-30T14:06:18+08:00 ] ::1 /win/write-it-now-win-/Public/js/jquery.min.js
ERR: 无法加载控制器:Public

[ 2020-06-30T14:06:18+08:00 ] ::1 /win/write-it-now-win-/Public/css/home.css
ERR: 无法加载控制器:Public

[ 2020-06-30T14:06:18+08:00 ] ::1 /win/write-it-now-win-/shouye.html
ERR: 无法加载控制器:Shouye

[ 2020-06-30T14:07:25+08:00 ] ::1 /win/write-it-now-win-/Public/js/jquery.min.js
ERR: 无法加载控制器:Public

[ 2020-06-30T14:07:25+08:00 ] ::1 /win/write-it-now-win-/Public/css/home.css
ERR: 无法加载控制器:Public

[ 2020-06-30T14:07:25+08:00 ] ::1 /win/write-it-now-win-/shouye.html
ERR: 无法加载控制器:Shouye

[ 2020-06-30T14:14:41+08:00 ] ::1 /win/write-it-now-win-/Public/css/home.css
ERR: 无法加载控制器:Public

[ 2020-06-30T14:14:41+08:00 ] ::1 /win/write-it-now-win-/Public/js/jquery.min.js
ERR: 无法加载控制器:Public

[ 2020-06-30T14:14:41+08:00 ] ::1 /win/write-it-now-win-/Public/js/jquery.min.js
ERR: 无法加载控制器:Public

[ 2020-06-30T14:14:42+08:00 ] ::1 /win/write-it-now-win-/shouye.html
ERR: 无法加载控制器:Shouye

[ 2020-06-30T14:15:28+08:00 ] ::1 /win/write-it-now-win-/Public/js/jquery.min.js
ERR: 无法加载控制器:Public

[ 2020-06-30T14:15:28+08:00 ] ::1 /win/write-it-now-win-/Public/css/home.css
ERR: 无法加载控制器:Public

[ 2020-06-30T14:15:29+08:00 ] ::1 /win/write-it-now-win-/Public/js/jquery.min.js
ERR: 无法加载控制器:Public

[ 2020-06-30T14:15:29+08:00 ] ::1 /win/write-it-now-win-/shouye.html
ERR: 无法加载控制器:Shouye

[ 2020-06-30T19:29:19+08:00 ] ::1 /win/write-it-now-win-/Public/css/home.css
ERR: 无法加载控制器:Public

[ 2020-06-30T19:29:19+08:00 ] ::1 /win/write-it-now-win-/Public/js/jquery.min.js
ERR: 无法加载控制器:Public

[ 2020-06-30T19:29:19+08:00 ] ::1 /win/write-it-now-win-/shouye.html
ERR: 无法加载控制器:Shouye

[ 2020-06-30T19:30:27+08:00 ] ::1 /win/write-it-now-win-/Public/js/jquery.min.js
ERR: 无法加载控制器:Public

[ 2020-06-30T19:30:27+08:00 ] ::1 /win/write-it-now-win-/Public/css/home.css
ERR: 无法加载控制器:Public

[ 2020-06-30T19:30:27+08:00 ] ::1 /win/write-it-now-win-/shouye.html
ERR: 无法加载控制器:Shouye

[ 2020-06-30T19:30:35+08:00 ] ::1 /win/write-it-now-win-/Public/css/home.css
ERR: 无法加载控制器:Public

[ 2020-06-30T19:30:35+08:00 ] ::1 /win/write-it-now-win-/Public/js/jquery.min.js
ERR: 无法加载控制器:Public

[ 2020-06-30T19:30:35+08:00 ] ::1 /win/write-it-now-win-/shouye.html
ERR: 无法加载控制器:Shouye

[ 2020-06-30T19:30:36+08:00 ] ::1 /win/write-it-now-win-/Public/js/jquery.min.js
ERR: 无法加载控制器:Public

[ 2020-06-30T19:30:36+08:00 ] ::1 /win/write-it-now-win-/Public/css/home.css
ERR: 无法加载控制器:Public

[ 2020-06-30T19:30:36+08:00 ] ::1 /win/write-it-now-win-/shouye.html
ERR: 无法加载控制器:Shouye

[ 2020-06-30T19:30:41+08:00 ] ::1 /win/write-it-now-win-/Public/js/jquery.min.js
ERR: 无法加载控制器:Public

[ 2020-06-30T19:31:54+08:00 ] ::1 /win/write-it-now-win-/Public/js/jquery.min.js
ERR: 无法加载控制器:Public

[ 2020-06-30T19:31:54+08:00 ] ::1 /win/write-it-now-win-/Public/css/home.css
ERR: 无法加载控制器:Public

[ 2020-06-30T19:31:54+08:00 ] ::1 /win/write-it-now-win-/shouye.html
ERR: 无法加载控制器:Shouye

