[ 2020-06-17T16:46:27+08:00 ] ::1 /write-it-now-win-/Admin/Logisn/index.html
ERR: 无法加载控制器:Logisn

[ 2020-06-17T16:47:20+08:00 ] ::1 /write-it-now-win-/Admin/Logisn/index.html
ERR: 无法加载控制器:Logisn

[ 2020-06-17T16:47:21+08:00 ] ::1 /write-it-now-win-/Admin/Logisn/index.html
ERR: 无法加载控制器:Logisn

[ 2020-06-17T16:47:22+08:00 ] ::1 /write-it-now-win-/Admin/Logisn/index.html
ERR: 无法加载控制器:Logisn

[ 2020-06-17T16:47:22+08:00 ] ::1 /write-it-now-win-/Admin/Logisn/index.html
ERR: 无法加载控制器:Logisn

[ 2020-06-17T16:47:27+08:00 ] ::1 /write-it-now-win-/Admin/Logsisn/index.html
ERR: 无法加载控制器:Logsisn

[ 2020-06-17T16:48:05+08:00 ] ::1 /write-it-now-win-/index.php/Admin/Logsisn/index.html
ERR: 无法加载控制器:Logsisn

[ 2020-06-17T16:48:10+08:00 ] ::1 /write-it-now-win-/index.php/Admin/Logsisn/index.html
ERR: 无法加载控制器:Logsisn

[ 2020-06-17T16:48:11+08:00 ] ::1 /write-it-now-win-/index.php/Admin/Logsisn/index.html
ERR: 无法加载控制器:Logsisn

[ 2020-06-17T16:48:11+08:00 ] ::1 /write-it-now-win-/index.php/Admin/Logsisn/index.html
ERR: 无法加载控制器:Logsisn

[ 2020-06-17T16:48:11+08:00 ] ::1 /write-it-now-win-/index.php/Admin/Logsisn/index.html
ERR: 无法加载控制器:Logsisn

[ 2020-06-17T16:48:11+08:00 ] ::1 /write-it-now-win-/index.php/Admin/Logsisn/index.html
ERR: 无法加载控制器:Logsisn

[ 2020-06-17T16:48:12+08:00 ] ::1 /write-it-now-win-/index.php/Admin/Logsisn/index.html
ERR: 无法加载控制器:Logsisn

[ 2020-06-17T16:48:37+08:00 ] ::1 /write-it-now-win-/index.php/Admin/Logsisn
ERR: 无法加载控制器:Logsisn

[ 2020-06-17T16:48:56+08:00 ] ::1 /write-it-now-win-/index.php/Admin/Logins
ERR: 无法加载控制器:Logins

[ 2020-06-17T16:51:31+08:00 ] ::1 /write-it-now-win-/index.php/Admin/Logins
ERR: 无法加载控制器:Logins

[ 2020-06-17T22:28:33+08:00 ] ::1 /write-it-now-win-/Admin/Check/checkList
ERR: Think\Model:a方法不存在！

[ 2020-06-17T22:28:57+08:00 ] ::1 /write-it-now-win-/Admin/Check/checkList
ERR: Think\Model:a方法不存在！

[ 2020-06-17T22:29:14+08:00 ] ::1 /write-it-now-win-/Admin/Check/checkList
ERR: Think\Model:a方法不存在！

[ 2020-06-17T22:34:15+08:00 ] ::1 /write-it-now-win-/Admin/Check/checkList
ERR: Think\Model:a方法不存在！

[ 2020-06-17T22:35:33+08:00 ] ::1 /write-it-now-win-/Admin/Check/checkList
ERR: Think\Model:a方法不存在！

